2024-09-10 11:09:23 | INFO | Início da execução!
2024-09-10 11:09:23 | INFO | Carregando arquivo CSV do repositório GH...
2024-09-10 11:09:24 | INFO | Definindo as colunas que serão utilizadas na variável [usecols]...
2024-09-10 11:09:24 | INFO | Criando um novo DF [df_raw] preenchendo as colunas vazias com informações True ou False de acordo com seu conteúdo...
2024-09-10 11:09:24 | INFO | Preenchendo com 0 os dados vazios da coluna air_time...
2024-09-10 11:09:24 | INFO | Deletando as linhas duplicadas do DF [df_raw]...
2024-09-10 11:09:24 | INFO | Definindo o DF [df_raw] como objeto...
2024-09-10 11:09:24 | INFO | Criando um DF temporário [tmp] com o DF original [df], e aplicando lógica binária de vazios...
2024-09-10 11:09:24 | INFO | Criando lista [new_columns] com as novas colunas a serem utilizadas...
2024-09-10 11:09:24 | INFO | Criando uma variável [columns_map] com um loop utilizando a lista das novas colunas [new_columns]...
2024-09-10 11:09:24 | INFO | Criando um novo DF [df_work] com uma cópia do DF [df_raw]...
2024-09-10 11:09:25 | INFO | Renomeando as colunas do DF [df_work] de acordo com a variável criada [columns_map]...
2024-09-10 11:09:25 | INFO | Definindo os tipos de dados das colunas do DF [df_work]...
2024-09-10 11:09:25 | INFO | Aplicando função lambda para padronização das strings no DF [df_work]...
2024-09-10 11:09:26 | INFO | Aplicando transformação para arredondamento do tempos de vôos no DF [df_work]...
2024-09-10 11:09:26 | INFO | Aplicando transformação para formatação do campo de data do vôo no DF [df_work]...
2024-09-10 11:09:26 | INFO | Aplicando transformação para formatação do campo de data do vôo...
2024-09-10 11:09:27 | INFO | Cria campo com os dados corretos de acordo com as transformações de data/hora dos vôos no DF [df_work]...
2024-09-10 11:09:27 | INFO | Cria um novo DF [df_dw] com os campos tratados do DF [df_work]...
2024-09-10 11:09:27 | INFO | Executa a função feat_eng que adicionará novos campos ao DF [df_dw]...
2024-09-10 11:09:27 | INFO | Cria um DF [df_filtrada] filtrando somente com os vôos válidos...
2024-09-10 11:09:27 | INFO | Salva em um arquivo CSV [data/nycflights_tratada.csv] todos os vôos atrasados do DF [df_filtrada]...
2024-09-10 11:09:30 | INFO | Os campos possuem a mesma quantidade significativa de informações.
2024-09-10 11:09:30 | INFO | Execução do código concluída com sucesso!
